[2026-06-11 03:04:33,212]  16  root  INFO : Initiate data ingestion
[2026-06-11 03:04:34,797]  64  root  INFO : Applied train and test split on dataframes
[2026-06-11 03:04:34,797]  66  root  INFO : Exited split_data_as_train_test method of DataIngestion class
[2026-06-11 03:04:34,797]  71  root  INFO : Exporting train and test file path
[2026-06-11 03:04:34,861]  18  root  INFO : completion of data ingestion
[2026-06-11 03:04:34,861]  19  root  INFO : Initiate data validation
[2026-06-11 03:04:34,916]  39  root  INFO : Required number of columns : 31
[2026-06-11 03:04:34,916]  40  root  INFO : DataFrame has columns : 31
[2026-06-11 03:04:34,916]  39  root  INFO : Required number of columns : 31
[2026-06-11 03:04:34,931]  40  root  INFO : DataFrame has columns : 31
[2026-06-11 03:04:34,931]  52  root  INFO : Number of numerical columns: 31
[2026-06-11 03:04:34,931]  52  root  INFO : Number of numerical columns: 31
[2026-06-11 03:04:35,061]  22  root  INFO : completion of data validation
[2026-06-11 03:04:35,061]  23  root  INFO : Initiate data transformation
[2026-06-11 03:04:35,061]  41  root  INFO : Initiating data transformation
[2026-06-11 03:04:35,114]  29  root  INFO : Initialized knnimputer with params: {'missing_values': nan, 'n_neighbors': 3, 'weights': 'uniform'}
[2026-06-11 03:04:35,134]  44  root  INFO : Entered the save_object function from utils folder
[2026-06-11 03:04:35,138]  48  root  INFO : Exiting from save_object function from utils folder
[2026-06-11 03:04:35,139]  26  root  INFO : Initiate model trainer
[2026-06-11 03:05:05,452]  44  root  INFO : Entered the save_object function from utils folder
[2026-06-11 03:05:05,452]  48  root  INFO : Exiting from save_object function from utils folder
