[2026-05-31 18:04:00,586] - 24  root - INFO - Data ingestion has started
[2026-05-31 18:04:00,588] - 28  root - INFO - Read the dataset as dataframe
[2026-05-31 18:04:00,591] - 33  root - INFO - Raw data is moved to raw_data.csv file
[2026-05-31 18:04:00,594] - 41  root - INFO - Train and Test data is moved to train_data.csv and test_data.csv files
[2026-05-31 18:04:00,594] - 43  root - INFO - Data ingestion is completed
[2026-05-31 18:04:00,612] - 77  root - INFO - Reading train and test dataframes is completed
[2026-05-31 18:04:00,614] - 37  root - INFO - Separated numerical and categorical columns
[2026-05-31 18:04:00,614] - 53  root - INFO - Numerical and categorical pipelines are prepared
[2026-05-31 18:04:00,614] - 62  root - INFO - Preprocessor is ready to transform data
[2026-05-31 18:04:00,622] - 94  root - INFO - Input features in train and test dataframes are preprocessed
[2026-05-31 18:04:00,622] - 96  root - INFO - Saving preprocessing object
[2026-05-31 18:04:00,624] - 103  root - INFO - Data Transformation is completed
[2026-05-31 18:04:00,624] - 30  root - INFO - Splitting train and test data into input features and targets 
[2026-05-31 18:04:00,625] - 46  root - INFO - Linear Regression is trained on training data
[2026-05-31 18:04:00,625] - 51  root - INFO - Linear Regression prediction is done on train and test inputs
[2026-05-31 18:04:00,626] - 46  root - INFO - Ridge is trained on training data
[2026-05-31 18:04:00,626] - 51  root - INFO - Ridge prediction is done on train and test inputs
[2026-05-31 18:04:00,627] - 46  root - INFO - Lasso is trained on training data
[2026-05-31 18:04:00,627] - 51  root - INFO - Lasso prediction is done on train and test inputs
[2026-05-31 18:04:00,641] - 46  root - INFO - Support Vector Regressor is trained on training data
[2026-05-31 18:04:00,671] - 51  root - INFO - Support Vector Regressor prediction is done on train and test inputs
[2026-05-31 18:04:00,672] - 46  root - INFO - KNN is trained on training data
[2026-05-31 18:04:00,678] - 51  root - INFO - KNN prediction is done on train and test inputs
[2026-05-31 18:04:00,680] - 46  root - INFO - Decision Tree is trained on training data
[2026-05-31 18:04:00,680] - 51  root - INFO - Decision Tree prediction is done on train and test inputs
[2026-05-31 18:04:00,820] - 46  root - INFO - Random Forest is trained on training data
[2026-05-31 18:04:00,836] - 51  root - INFO - Random Forest prediction is done on train and test inputs
[2026-05-31 18:04:00,880] - 46  root - INFO - Adaptive Boosting is trained on training data
[2026-05-31 18:04:00,885] - 51  root - INFO - Adaptive Boosting prediction is done on train and test inputs
[2026-05-31 18:04:02,566] - 46  root - INFO - XG Boosting is trained on training data
[2026-05-31 18:04:02,567] - 51  root - INFO - XG Boosting prediction is done on train and test inputs
[2026-05-31 18:04:02,568] - 58  root - INFO - Evaluation is completed, report is prepared
[2026-05-31 18:04:02,568] - 59  root - INFO - Best model with max score is found
