[2026-05-31 19:09:57,227] - 24  root - INFO - Data ingestion has started
[2026-05-31 19:09:57,229] - 28  root - INFO - Read the dataset as dataframe
[2026-05-31 19:09:57,232] - 33  root - INFO - Raw data is moved to raw_data.csv file
[2026-05-31 19:09:57,235] - 41  root - INFO - Train and Test data is moved to train_data.csv and test_data.csv files
[2026-05-31 19:09:57,235] - 43  root - INFO - Data ingestion is completed
[2026-05-31 19:09:57,254] - 77  root - INFO - Reading train and test dataframes is completed
[2026-05-31 19:09:57,255] - 37  root - INFO - Separated numerical and categorical columns
[2026-05-31 19:09:57,255] - 53  root - INFO - Numerical and categorical pipelines are prepared
[2026-05-31 19:09:57,256] - 62  root - INFO - Preprocessor is ready to transform data
[2026-05-31 19:09:57,264] - 94  root - INFO - Input features in train and test dataframes are preprocessed
[2026-05-31 19:09:57,264] - 96  root - INFO - Saving preprocessing object
[2026-05-31 19:09:57,265] - 103  root - INFO - Data Transformation is completed
[2026-05-31 19:09:57,266] - 30  root - INFO - Splitting train and test data into input features and targets 
[2026-05-31 19:09:57,270] - 54  root - INFO - Linear Regression is trained on training data
[2026-05-31 19:09:57,270] - 59  root - INFO - Linear Regression prediction is done on train and test inputs
[2026-05-31 19:09:57,332] - 54  root - INFO - Ridge is trained on training data
[2026-05-31 19:09:57,332] - 59  root - INFO - Ridge prediction is done on train and test inputs
[2026-05-31 19:09:57,343] - 54  root - INFO - Lasso is trained on training data
[2026-05-31 19:09:57,343] - 59  root - INFO - Lasso prediction is done on train and test inputs
[2026-05-31 19:09:57,685] - 54  root - INFO - Support Vector Regressor is trained on training data
[2026-05-31 19:09:57,716] - 59  root - INFO - Support Vector Regressor prediction is done on train and test inputs
[2026-05-31 19:09:57,755] - 54  root - INFO - KNN is trained on training data
[2026-05-31 19:09:57,762] - 59  root - INFO - KNN prediction is done on train and test inputs
[2026-05-31 19:09:57,804] - 54  root - INFO - Decision Tree is trained on training data
[2026-05-31 19:09:57,805] - 59  root - INFO - Decision Tree prediction is done on train and test inputs
[2026-05-31 19:10:04,033] - 54  root - INFO - Random Forest is trained on training data
[2026-05-31 19:10:04,043] - 59  root - INFO - Random Forest prediction is done on train and test inputs
[2026-05-31 19:10:05,122] - 54  root - INFO - Adaptive Boosting is trained on training data
[2026-05-31 19:10:05,130] - 59  root - INFO - Adaptive Boosting prediction is done on train and test inputs
[2026-05-31 19:10:06,923] - 54  root - INFO - XG Boosting is trained on training data
[2026-05-31 19:10:06,924] - 59  root - INFO - XG Boosting prediction is done on train and test inputs
[2026-05-31 19:10:06,925] - 67  root - INFO - Evaluation is completed, report is prepared
[2026-05-31 19:10:06,925] - 71  root - INFO - Best model with max score is found
