[2026-05-31 18:59:24,283] - 24  root - INFO - Data ingestion has started
[2026-05-31 18:59:24,286] - 28  root - INFO - Read the dataset as dataframe
[2026-05-31 18:59:24,289] - 33  root - INFO - Raw data is moved to raw_data.csv file
[2026-05-31 18:59:24,292] - 41  root - INFO - Train and Test data is moved to train_data.csv and test_data.csv files
[2026-05-31 18:59:24,292] - 43  root - INFO - Data ingestion is completed
[2026-05-31 18:59:24,312] - 77  root - INFO - Reading train and test dataframes is completed
[2026-05-31 18:59:24,314] - 37  root - INFO - Separated numerical and categorical columns
[2026-05-31 18:59:24,314] - 53  root - INFO - Numerical and categorical pipelines are prepared
[2026-05-31 18:59:24,315] - 62  root - INFO - Preprocessor is ready to transform data
[2026-05-31 18:59:24,323] - 94  root - INFO - Input features in train and test dataframes are preprocessed
[2026-05-31 18:59:24,323] - 96  root - INFO - Saving preprocessing object
[2026-05-31 18:59:24,325] - 103  root - INFO - Data Transformation is completed
[2026-05-31 18:59:24,325] - 30  root - INFO - Splitting train and test data into input features and targets 
[2026-05-31 18:59:24,328] - 51  root - INFO - Linear Regression is trained on training data
[2026-05-31 18:59:24,328] - 56  root - INFO - Linear Regression prediction is done on train and test inputs
[2026-05-31 18:59:24,393] - 51  root - INFO - Ridge is trained on training data
[2026-05-31 18:59:24,393] - 56  root - INFO - Ridge prediction is done on train and test inputs
[2026-05-31 18:59:24,408] - 51  root - INFO - Lasso is trained on training data
[2026-05-31 18:59:24,408] - 56  root - INFO - Lasso prediction is done on train and test inputs
[2026-05-31 18:59:24,734] - 51  root - INFO - Support Vector Regressor is trained on training data
[2026-05-31 18:59:24,767] - 56  root - INFO - Support Vector Regressor prediction is done on train and test inputs
[2026-05-31 18:59:24,806] - 51  root - INFO - KNN is trained on training data
[2026-05-31 18:59:24,812] - 56  root - INFO - KNN prediction is done on train and test inputs
[2026-05-31 18:59:24,853] - 51  root - INFO - Decision Tree is trained on training data
[2026-05-31 18:59:24,854] - 56  root - INFO - Decision Tree prediction is done on train and test inputs
[2026-05-31 18:59:31,060] - 51  root - INFO - Random Forest is trained on training data
[2026-05-31 18:59:31,070] - 56  root - INFO - Random Forest prediction is done on train and test inputs
[2026-05-31 18:59:32,089] - 51  root - INFO - Adaptive Boosting is trained on training data
[2026-05-31 18:59:32,095] - 56  root - INFO - Adaptive Boosting prediction is done on train and test inputs
[2026-05-31 18:59:33,862] - 51  root - INFO - XG Boosting is trained on training data
[2026-05-31 18:59:33,863] - 56  root - INFO - XG Boosting prediction is done on train and test inputs
[2026-05-31 18:59:33,863] - 64  root - INFO - Evaluation is completed, report is prepared
[2026-05-31 18:59:33,864] - 73  root - INFO - Best model with max score is found
