[2026-05-31 18:58:14,010] - 24  root - INFO - Data ingestion has started
[2026-05-31 18:58:14,012] - 28  root - INFO - Read the dataset as dataframe
[2026-05-31 18:58:14,014] - 33  root - INFO - Raw data is moved to raw_data.csv file
[2026-05-31 18:58:14,018] - 41  root - INFO - Train and Test data is moved to train_data.csv and test_data.csv files
[2026-05-31 18:58:14,018] - 43  root - INFO - Data ingestion is completed
[2026-05-31 18:58:14,037] - 77  root - INFO - Reading train and test dataframes is completed
[2026-05-31 18:58:14,038] - 37  root - INFO - Separated numerical and categorical columns
[2026-05-31 18:58:14,038] - 53  root - INFO - Numerical and categorical pipelines are prepared
[2026-05-31 18:58:14,039] - 62  root - INFO - Preprocessor is ready to transform data
[2026-05-31 18:58:14,047] - 94  root - INFO - Input features in train and test dataframes are preprocessed
[2026-05-31 18:58:14,048] - 96  root - INFO - Saving preprocessing object
[2026-05-31 18:58:14,049] - 103  root - INFO - Data Transformation is completed
[2026-05-31 18:58:14,049] - 30  root - INFO - Splitting train and test data into input features and targets 
[2026-05-31 18:58:14,053] - 51  root - INFO - Linear Regression is trained on training data
[2026-05-31 18:58:14,053] - 56  root - INFO - Linear Regression prediction is done on train and test inputs
[2026-05-31 18:58:14,152] - 51  root - INFO - Ridge is trained on training data
[2026-05-31 18:58:14,152] - 56  root - INFO - Ridge prediction is done on train and test inputs
[2026-05-31 18:58:14,165] - 51  root - INFO - Lasso is trained on training data
[2026-05-31 18:58:14,166] - 56  root - INFO - Lasso prediction is done on train and test inputs
[2026-05-31 18:58:14,471] - 51  root - INFO - Support Vector Regressor is trained on training data
[2026-05-31 18:58:14,503] - 56  root - INFO - Support Vector Regressor prediction is done on train and test inputs
[2026-05-31 18:58:14,541] - 51  root - INFO - KNN is trained on training data
[2026-05-31 18:58:14,547] - 56  root - INFO - KNN prediction is done on train and test inputs
[2026-05-31 18:58:14,592] - 51  root - INFO - Decision Tree is trained on training data
[2026-05-31 18:58:14,592] - 56  root - INFO - Decision Tree prediction is done on train and test inputs
[2026-05-31 18:58:20,861] - 51  root - INFO - Random Forest is trained on training data
[2026-05-31 18:58:20,879] - 56  root - INFO - Random Forest prediction is done on train and test inputs
[2026-05-31 18:58:21,909] - 51  root - INFO - Adaptive Boosting is trained on training data
[2026-05-31 18:58:21,918] - 56  root - INFO - Adaptive Boosting prediction is done on train and test inputs
[2026-05-31 18:58:23,754] - 51  root - INFO - XG Boosting is trained on training data
[2026-05-31 18:58:23,755] - 56  root - INFO - XG Boosting prediction is done on train and test inputs
[2026-05-31 18:58:23,756] - 64  root - INFO - Evaluation is completed, report is prepared
[2026-05-31 18:58:23,756] - 71  root - INFO - Best model with max score is found
