[2026-05-31 18:00:54,458] - 24  root - INFO - Data ingestion has started
[2026-05-31 18:00:54,461] - 28  root - INFO - Read the dataset as dataframe
[2026-05-31 18:00:54,464] - 33  root - INFO - Raw data is moved to raw_data.csv file
[2026-05-31 18:00:54,467] - 41  root - INFO - Train and Test data is moved to train_data.csv and test_data.csv files
[2026-05-31 18:00:54,467] - 43  root - INFO - Data ingestion is completed
[2026-05-31 18:00:54,487] - 77  root - INFO - Reading train and test dataframes is completed
[2026-05-31 18:00:54,490] - 37  root - INFO - Separated numerical and categorical columns
[2026-05-31 18:00:54,490] - 53  root - INFO - Numerical and categorical pipelines are prepared
[2026-05-31 18:00:54,491] - 62  root - INFO - Preprocessor is ready to transform data
[2026-05-31 18:00:54,500] - 94  root - INFO - Input features in train and test dataframes are preprocessed
[2026-05-31 18:00:54,500] - 96  root - INFO - Saving preprocessing object
[2026-05-31 18:00:54,501] - 103  root - INFO - Data Transformation is completed
[2026-05-31 18:00:54,501] - 30  root - INFO - Splitting train and test data into input features and targets 
[2026-05-31 18:00:54,502] - 46  root - INFO - Linear Regression is trained on training data
[2026-05-31 18:00:54,503] - 51  root - INFO - Linear Regression prediction is done on train and test inputs
[2026-05-31 18:00:54,504] - 46  root - INFO - Ridge is trained on training data
[2026-05-31 18:00:54,504] - 51  root - INFO - Ridge prediction is done on train and test inputs
[2026-05-31 18:00:54,505] - 46  root - INFO - Lasso is trained on training data
[2026-05-31 18:00:54,505] - 51  root - INFO - Lasso prediction is done on train and test inputs
[2026-05-31 18:00:54,520] - 46  root - INFO - Support Vector Regressor is trained on training data
[2026-05-31 18:00:54,549] - 51  root - INFO - Support Vector Regressor prediction is done on train and test inputs
[2026-05-31 18:00:54,551] - 46  root - INFO - KNN is trained on training data
[2026-05-31 18:00:54,557] - 51  root - INFO - KNN prediction is done on train and test inputs
[2026-05-31 18:00:54,559] - 46  root - INFO - Decision Tree is trained on training data
[2026-05-31 18:00:54,559] - 51  root - INFO - Decision Tree prediction is done on train and test inputs
[2026-05-31 18:00:54,698] - 46  root - INFO - Random Forest is trained on training data
[2026-05-31 18:00:54,712] - 51  root - INFO - Random Forest prediction is done on train and test inputs
[2026-05-31 18:00:54,760] - 46  root - INFO - Adaptive Boosting is trained on training data
[2026-05-31 18:00:54,765] - 51  root - INFO - Adaptive Boosting prediction is done on train and test inputs
[2026-05-31 18:00:56,434] - 46  root - INFO - XG Boosting is trained on training data
[2026-05-31 18:00:56,436] - 51  root - INFO - XG Boosting prediction is done on train and test inputs
[2026-05-31 18:00:56,436] - 58  root - INFO - Evaluation is completed, report is prepared
