[2026-05-31 19:08:27,466] - 24  root - INFO - Data ingestion has started
[2026-05-31 19:08:27,468] - 28  root - INFO - Read the dataset as dataframe
[2026-05-31 19:08:27,471] - 33  root - INFO - Raw data is moved to raw_data.csv file
[2026-05-31 19:08:27,474] - 41  root - INFO - Train and Test data is moved to train_data.csv and test_data.csv files
[2026-05-31 19:08:27,474] - 43  root - INFO - Data ingestion is completed
[2026-05-31 19:08:27,491] - 77  root - INFO - Reading train and test dataframes is completed
[2026-05-31 19:08:27,493] - 37  root - INFO - Separated numerical and categorical columns
[2026-05-31 19:08:27,493] - 53  root - INFO - Numerical and categorical pipelines are prepared
[2026-05-31 19:08:27,493] - 62  root - INFO - Preprocessor is ready to transform data
[2026-05-31 19:08:27,502] - 94  root - INFO - Input features in train and test dataframes are preprocessed
[2026-05-31 19:08:27,502] - 96  root - INFO - Saving preprocessing object
[2026-05-31 19:08:27,503] - 103  root - INFO - Data Transformation is completed
[2026-05-31 19:08:27,503] - 30  root - INFO - Splitting train and test data into input features and targets 
[2026-05-31 19:08:27,508] - 54  root - INFO - Linear Regression is trained on training data
[2026-05-31 19:08:27,508] - 59  root - INFO - Linear Regression prediction is done on train and test inputs
[2026-05-31 19:08:27,572] - 54  root - INFO - Ridge is trained on training data
[2026-05-31 19:08:27,572] - 59  root - INFO - Ridge prediction is done on train and test inputs
[2026-05-31 19:08:27,583] - 54  root - INFO - Lasso is trained on training data
[2026-05-31 19:08:27,583] - 59  root - INFO - Lasso prediction is done on train and test inputs
[2026-05-31 19:08:27,916] - 54  root - INFO - Support Vector Regressor is trained on training data
[2026-05-31 19:08:27,947] - 59  root - INFO - Support Vector Regressor prediction is done on train and test inputs
[2026-05-31 19:08:27,986] - 54  root - INFO - KNN is trained on training data
[2026-05-31 19:08:27,993] - 59  root - INFO - KNN prediction is done on train and test inputs
[2026-05-31 19:08:28,040] - 54  root - INFO - Decision Tree is trained on training data
[2026-05-31 19:08:28,040] - 59  root - INFO - Decision Tree prediction is done on train and test inputs
[2026-05-31 19:08:34,418] - 54  root - INFO - Random Forest is trained on training data
[2026-05-31 19:08:34,435] - 59  root - INFO - Random Forest prediction is done on train and test inputs
[2026-05-31 19:08:35,535] - 54  root - INFO - Adaptive Boosting is trained on training data
[2026-05-31 19:08:35,544] - 59  root - INFO - Adaptive Boosting prediction is done on train and test inputs
[2026-05-31 19:08:37,336] - 54  root - INFO - XG Boosting is trained on training data
[2026-05-31 19:08:37,337] - 59  root - INFO - XG Boosting prediction is done on train and test inputs
[2026-05-31 19:08:37,338] - 67  root - INFO - Evaluation is completed, report is prepared
[2026-05-31 19:08:37,338] - 71  root - INFO - Best model with max score is found
