[2026-06-11 02:43:21,112]  16  root  INFO : Initiate data ingestion
[2026-06-11 02:43:22,782]  64  root  INFO : Applied train and test split on dataframes
[2026-06-11 02:43:22,782]  66  root  INFO : Exited split_data_as_train_test method of DataIngestion class
[2026-06-11 02:43:22,782]  71  root  INFO : Exporting train and test file path
[2026-06-11 02:43:22,817]  18  root  INFO : completion of data ingestion
[2026-06-11 02:43:22,817]  19  root  INFO : Initiate data validation
[2026-06-11 02:43:22,891]  39  root  INFO : Required number of columns : 31
[2026-06-11 02:43:22,891]  40  root  INFO : DataFrame has columns : 31
[2026-06-11 02:43:22,891]  39  root  INFO : Required number of columns : 31
[2026-06-11 02:43:22,891]  40  root  INFO : DataFrame has columns : 31
[2026-06-11 02:43:22,891]  52  root  INFO : Number of numerical columns: 31
[2026-06-11 02:43:22,891]  52  root  INFO : Number of numerical columns: 31
[2026-06-11 02:43:23,002]  22  root  INFO : completion of data validation
[2026-06-11 02:43:23,002]  23  root  INFO : Initiate data transformation
[2026-06-11 02:43:23,002]  41  root  INFO : Initiating data transformation
[2026-06-11 02:43:23,052]  29  root  INFO : Initialized knnimputer with params: {'missing_values': nan, 'n_neighbors': 3, 'weights': 'uniform'}
[2026-06-11 02:43:23,078]  44  root  INFO : Entered the save_object function from utils folder
[2026-06-11 02:43:23,079]  48  root  INFO : Exiting from save_object function from utils folder
[2026-06-11 02:43:23,079]  26  root  INFO : Initiate model trainer
[2026-06-11 02:43:53,376]  44  root  INFO : Entered the save_object function from utils folder
