[2026-06-11 23:19:28,786]  16  root  INFO : Initiate data ingestion
[2026-06-11 23:19:30,426]  64  root  INFO : Applied train and test split on dataframes
[2026-06-11 23:19:30,426]  66  root  INFO : Exited split_data_as_train_test method of DataIngestion class
[2026-06-11 23:19:30,426]  71  root  INFO : Exporting train and test file path
[2026-06-11 23:19:30,480]  18  root  INFO : completion of data ingestion
[2026-06-11 23:19:30,482]  19  root  INFO : Initiate data validation
[2026-06-11 23:19:30,541]  39  root  INFO : Required number of columns : 31
[2026-06-11 23:19:30,541]  40  root  INFO : DataFrame has columns : 31
[2026-06-11 23:19:30,541]  39  root  INFO : Required number of columns : 31
[2026-06-11 23:19:30,551]  40  root  INFO : DataFrame has columns : 31
[2026-06-11 23:19:30,551]  52  root  INFO : Number of numerical columns: 31
[2026-06-11 23:19:30,553]  52  root  INFO : Number of numerical columns: 31
[2026-06-11 23:19:30,658]  22  root  INFO : completion of data validation
[2026-06-11 23:19:30,660]  23  root  INFO : Initiate data transformation
[2026-06-11 23:19:30,660]  41  root  INFO : Initiating data transformation
[2026-06-11 23:19:30,705]  29  root  INFO : Initialized knnimputer with params: {'missing_values': nan, 'n_neighbors': 3, 'weights': 'uniform'}
[2026-06-11 23:19:30,733]  44  root  INFO : Entered the save_object function from utils folder
[2026-06-11 23:19:30,735]  48  root  INFO : Exiting from save_object function from utils folder
[2026-06-11 23:19:30,735]  26  root  INFO : Initiate model trainer
[2026-06-11 23:20:16,023]  44  root  INFO : Entered the save_object function from utils folder
[2026-06-11 23:20:16,023]  48  root  INFO : Exiting from save_object function from utils folder
